#
# There is insufficient memory for the Java Runtime Environment to continue.
# Native memory allocation (malloc) failed to allocate 762736 bytes for Chunk::new
# Possible reasons:
#   The system is out of physical RAM or swap space
#   The process is running with CompressedOops enabled, and the Java Heap may be blocking the growth of the native heap
# Possible solutions:
#   Reduce memory load on the system
#   Increase physical memory or swap space
#   Check if swap backing store is full
#   Decrease Java heap size (-Xmx/-Xms)
#   Decrease number of Java threads
#   Decrease Java thread stack sizes (-Xss)
#   Set larger code cache with -XX:ReservedCodeCacheSize=
#   JVM is running with Unscaled Compressed Oops mode in which the Java heap is
#     placed in the first 4GB address space. The Java Heap base address is the
#     maximum limit for the native heap growth. Please use -XX:HeapBaseMinAddress
#     to set the Java Heap base and to place the Java Heap above 4GB virtual address.
# This output file may be truncated or incomplete.
#
#  Out of Memory Error (arena.cpp:189), pid=17284, tid=7536
#
# JRE version: OpenJDK Runtime Environment (17.0+35) (build 17+35-2724)
# Java VM: OpenJDK 64-Bit Server VM (17+35-2724, mixed mode, sharing, tiered, compressed oops, compressed class ptrs, g1 gc, windows-amd64)
# No core dump will be written. Minidumps are not enabled by default on client versions of Windows
#

---------------  S U M M A R Y ------------

Command Line: -javaagent:C:\Program Files\JetBrains\IntelliJ IDEA 2021.2.2\lib\idea_rt.jar=57572:C:\Program Files\JetBrains\IntelliJ IDEA 2021.2.2\bin -Dfile.encoding=UTF-8 --module-path=C:\Users\famil\IdeaProjects\Exam\target\classes;C:\Users\famil\.m2\repository\org\openjfx\javafx-base\17-ea+11\javafx-base-17-ea+11-win.jar;C:\Users\famil\.m2\repository\org\openjfx\javafx-graphics\17-ea+11\javafx-graphics-17-ea+11-win.jar;C:\Users\famil\.m2\repository\org\openjfx\javafx-fxml\17-ea+11\javafx-fxml-17-ea+11-win.jar;C:\Users\famil\.m2\repository\org\openjfx\javafx-controls\17-ea+11\javafx-controls-17-ea+11-win.jar -Djdk.module.main=mainproject.lab11gui mainproject.lab11gui/View.StartProgram

Host: Intel(R) Core(TM) i3-10110U CPU @ 2.10GHz, 4 cores, 3G,  Windows 10 , 64 bit Build 19041 (10.0.19041.1566)
Time: Sat Mar 19 14:33:15 2022 GTB Standard Time elapsed time: 4.299832 seconds (0d 0h 0m 4s)

---------------  T H R E A D  ---------------

Current thread (0x000001b96b983030):  JavaThread "C2 CompilerThread0" daemon [_thread_in_native, id=7536, stack(0x0000006414500000,0x0000006414600000)]


Current CompileTask:
C2:   4299 1124   !   4       com.sun.javafx.css.ParsedValueImpl::readBinary (688 bytes)

Stack: [0x0000006414500000,0x0000006414600000]
Native frames: (J=compiled Java code, j=interpreted, Vv=VM code, C=native code)
V  [jvm.dll+0x66f8ea]
V  [jvm.dll+0x7ce224]
V  [jvm.dll+0x7cf9ce]
V  [jvm.dll+0x7d0033]
V  [jvm.dll+0x242bb5]
V  [jvm.dll+0xaa05b]
V  [jvm.dll+0xaa5ec]
V  [jvm.dll+0x2a954f]
V  [jvm.dll+0x5784b9]
V  [jvm.dll+0x21de2d]
V  [jvm.dll+0x217381]
V  [jvm.dll+0x214fb5]
V  [jvm.dll+0x1a168d]
V  [jvm.dll+0x2248f8]
V  [jvm.dll+0x222a5c]
V  [jvm.dll+0x78422b]
V  [jvm.dll+0x77e7ea]
V  [jvm.dll+0x66e715]
C  [ucrtbase.dll+0x21bb2]
C  [KERNEL32.DLL+0x17034]
C  [ntdll.dll+0x52651]


---------------  P R O C E S S  ---------------

Threads class SMR info:
_java_thread_list=0x000001b96ce133f0, length=18, elements={
0x000001b9508af620, 0x000001b96b96ff30, 0x000001b96b970ab0, 0x000001b96b97d560,
0x000001b96b980f40, 0x000001b96b9818f0, 0x000001b96b9822a0, 0x000001b96b983030,
0x000001b96b986690, 0x000001b96b9bc050, 0x000001b96ba37e90, 0x000001b96c5a15a0,
0x000001b96c5a1a70, 0x000001b96c8d4480, 0x000001b96cb776e0, 0x000001b96cb9b440,
0x000001b96ce15930, 0x000001b96ce13480
}

Java Threads: ( => current thread )
  0x000001b9508af620 JavaThread "main" [_thread_blocked, id=12120, stack(0x0000006413800000,0x0000006413900000)]
  0x000001b96b96ff30 JavaThread "Reference Handler" daemon [_thread_blocked, id=11876, stack(0x0000006413f00000,0x0000006414000000)]
  0x000001b96b970ab0 JavaThread "Finalizer" daemon [_thread_blocked, id=13844, stack(0x0000006414000000,0x0000006414100000)]
  0x000001b96b97d560 JavaThread "Signal Dispatcher" daemon [_thread_blocked, id=10484, stack(0x0000006414100000,0x0000006414200000)]
  0x000001b96b980f40 JavaThread "Attach Listener" daemon [_thread_blocked, id=13132, stack(0x0000006414200000,0x0000006414300000)]
  0x000001b96b9818f0 JavaThread "Service Thread" daemon [_thread_blocked, id=20120, stack(0x0000006414300000,0x0000006414400000)]
  0x000001b96b9822a0 JavaThread "Monitor Deflation Thread" daemon [_thread_blocked, id=18976, stack(0x0000006414400000,0x0000006414500000)]
=>0x000001b96b983030 JavaThread "C2 CompilerThread0" daemon [_thread_in_native, id=7536, stack(0x0000006414500000,0x0000006414600000)]
  0x000001b96b986690 JavaThread "C1 CompilerThread0" daemon [_thread_in_native, id=20100, stack(0x0000006414600000,0x0000006414700000)]
  0x000001b96b9bc050 JavaThread "Sweeper thread" daemon [_thread_blocked, id=19008, stack(0x0000006414700000,0x0000006414800000)]
  0x000001b96ba37e90 JavaThread "Common-Cleaner" daemon [_thread_blocked, id=14760, stack(0x0000006414800000,0x0000006414900000)]
  0x000001b96c5a15a0 JavaThread "Monitor Ctrl-Break" daemon [_thread_in_native, id=17380, stack(0x0000006414900000,0x0000006414a00000)]
  0x000001b96c5a1a70 JavaThread "Notification Thread" daemon [_thread_blocked, id=17420, stack(0x0000006414a00000,0x0000006414b00000)]
  0x000001b96c8d4480 JavaThread "QuantumRenderer-0" daemon [_thread_blocked, id=10960, stack(0x0000006414c00000,0x0000006414d00000)]
  0x000001b96cb776e0 JavaThread "InvokeLaterDispatcher" daemon [_thread_blocked, id=8500, stack(0x0000006415000000,0x0000006415100000)]
  0x000001b96cb9b440 JavaThread "JavaFX Application Thread" [_thread_in_vm, id=2168, stack(0x0000006415100000,0x0000006415200000)]
  0x000001b96ce15930 JavaThread "Thread-1" daemon [_thread_in_Java, id=8636, stack(0x0000006415500000,0x0000006415600000)]
  0x000001b96ce13480 JavaThread "JavaFX-Launcher" [_thread_blocked, id=6064, stack(0x0000006415600000,0x0000006415700000)]

Other Threads:
  0x000001b95098a090 VMThread "VM Thread" [stack: 0x0000006413e00000,0x0000006413f00000] [id=12064]
  0x000001b96c56e2b0 WatcherThread [stack: 0x0000006414b00000,0x0000006414c00000] [id=15284]
  0x000001b9508dae00 GCTaskThread "GC Thread#0" [stack: 0x0000006413900000,0x0000006413a00000] [id=9708]
  0x000001b96c869bb0 GCTaskThread "GC Thread#1" [stack: 0x0000006414d00000,0x0000006414e00000] [id=16888]
  0x000001b96c86a520 GCTaskThread "GC Thread#2" [stack: 0x0000006414e00000,0x0000006414f00000] [id=668]
  0x000001b96c86a7d0 GCTaskThread "GC Thread#3" [stack: 0x0000006414f00000,0x0000006415000000] [id=20476]
  0x000001b9508e5ce0 ConcurrentGCThread "G1 Main Marker" [stack: 0x0000006413a00000,0x0000006413b00000] [id=8964]
  0x000001b9508e66f0 ConcurrentGCThread "G1 Conc#0" [stack: 0x0000006413b00000,0x0000006413c00000] [id=14908]
  0x000001b950925a50 ConcurrentGCThread "G1 Refine#0" [stack: 0x0000006413c00000,0x0000006413d00000] [id=5680]
  0x000001b950926470 ConcurrentGCThread "G1 Service" [stack: 0x0000006413d00000,0x0000006413e00000] [id=9292]

Threads with active compile tasks:
C2 CompilerThread0     4351 1124   !   4       com.sun.javafx.css.ParsedValueImpl::readBinary (688 bytes)
C1 CompilerThread0     4351 1189       3       java.lang.CharacterDataLatin1::isWhitespace (23 bytes)

VM state: not at safepoint (normal execution)

VM Mutex/Monitor currently owned by a thread:  ([mutex/lock_event])
[0x000001b9508a7ba0] CodeCache_lock - owner thread: 0x000001b96b986690

Heap address: 0x00000000c2400000, size: 988 MB, Compressed Oops mode: 32-bit

CDS archive(s) mapped at: [0x0000000800000000-0x0000000800bc0000-0x0000000800bc0000), size 12320768, SharedBaseAddress: 0x0000000800000000, ArchiveRelocationMode: 0.
Compressed class space mapped at: 0x0000000800c00000-0x0000000840c00000, reserved size: 1073741824
Narrow klass base: 0x0000000800000000, Narrow klass shift: 0, Narrow klass range: 0x100000000

GC Precious Log:
 CPUs: 4 total, 4 available
 Memory: 3948M
 Large Page Support: Disabled
 NUMA Support: Disabled
 Compressed Oops: Enabled (32-bit)
 Heap Region Size: 1M
 Heap Min Capacity: 8M
 Heap Initial Capacity: 62M
 Heap Max Capacity: 988M
 Pre-touch: Disabled
 Parallel Workers: 4
 Concurrent Workers: 1
 Concurrent Refinement Workers: 4
 Periodic GC: Disabled

Heap:
 garbage-first heap   total 63488K, used 7486K [0x00000000c2400000, 0x0000000100000000)
  region size 1024K, 7 young (7168K), 3 survivors (3072K)
 Metaspace       used 8831K, committed 9088K, reserved 1064960K
  class space    used 1148K, committed 1280K, reserved 1048576K

Heap Regions: E=young(eden), S=young(survivor), O=old, HS=humongous(starts), HC=humongous(continues), CS=collection set, F=free, OA=open archive, CA=closed archive, TAMS=top-at-mark-start (previous, next)
|   0|0x00000000c2400000, 0x00000000c2500000, 0x00000000c2500000|100%| O|  |TAMS 0x00000000c2400000, 0x00000000c2400000| Untracked 
|   1|0x00000000c2500000, 0x00000000c25afc00, 0x00000000c2600000| 68%| O|  |TAMS 0x00000000c2500000, 0x00000000c2500000| Untracked 
|   2|0x00000000c2600000, 0x00000000c2600000, 0x00000000c2700000|  0%| F|  |TAMS 0x00000000c2600000, 0x00000000c2600000| Untracked 
|   3|0x00000000c2700000, 0x00000000c2700000, 0x00000000c2800000|  0%| F|  |TAMS 0x00000000c2700000, 0x00000000c2700000| Untracked 
|   4|0x00000000c2800000, 0x00000000c2800000, 0x00000000c2900000|  0%| F|  |TAMS 0x00000000c2800000, 0x00000000c2800000| Untracked 
|   5|0x00000000c2900000, 0x00000000c2900000, 0x00000000c2a00000|  0%| F|  |TAMS 0x00000000c2900000, 0x00000000c2900000| Untracked 
|   6|0x00000000c2a00000, 0x00000000c2a00000, 0x00000000c2b00000|  0%| F|  |TAMS 0x00000000c2a00000, 0x00000000c2a00000| Untracked 
|   7|0x00000000c2b00000, 0x00000000c2b00000, 0x00000000c2c00000|  0%| F|  |TAMS 0x00000000c2b00000, 0x00000000c2b00000| Untracked 
|   8|0x00000000c2c00000, 0x00000000c2c00000, 0x00000000c2d00000|  0%| F|  |TAMS 0x00000000c2c00000, 0x00000000c2c00000| Untracked 
|   9|0x00000000c2d00000, 0x00000000c2d00000, 0x00000000c2e00000|  0%| F|  |TAMS 0x00000000c2d00000, 0x00000000c2d00000| Untracked 
|  10|0x00000000c2e00000, 0x00000000c2e00000, 0x00000000c2f00000|  0%| F|  |TAMS 0x00000000c2e00000, 0x00000000c2e00000| Untracked 
|  11|0x00000000c2f00000, 0x00000000c2f00000, 0x00000000c3000000|  0%| F|  |TAMS 0x00000000c2f00000, 0x00000000c2f00000| Untracked 
|  12|0x00000000c3000000, 0x00000000c3000000, 0x00000000c3100000|  0%| F|  |TAMS 0x00000000c3000000, 0x00000000c3000000| Untracked 
|  13|0x00000000c3100000, 0x00000000c3100000, 0x00000000c3200000|  0%| F|  |TAMS 0x00000000c3100000, 0x00000000c3100000| Untracked 
|  14|0x00000000c3200000, 0x00000000c3200000, 0x00000000c3300000|  0%| F|  |TAMS 0x00000000c3200000, 0x00000000c3200000| Untracked 
|  15|0x00000000c3300000, 0x00000000c3300000, 0x00000000c3400000|  0%| F|  |TAMS 0x00000000c3300000, 0x00000000c3300000| Untracked 
|  16|0x00000000c3400000, 0x00000000c3400000, 0x00000000c3500000|  0%| F|  |TAMS 0x00000000c3400000, 0x00000000c3400000| Untracked 
|  17|0x00000000c3500000, 0x00000000c3500000, 0x00000000c3600000|  0%| F|  |TAMS 0x00000000c3500000, 0x00000000c3500000| Untracked 
|  18|0x00000000c3600000, 0x00000000c3600000, 0x00000000c3700000|  0%| F|  |TAMS 0x00000000c3600000, 0x00000000c3600000| Untracked 
|  19|0x00000000c3700000, 0x00000000c3700000, 0x00000000c3800000|  0%| F|  |TAMS 0x00000000c3700000, 0x00000000c3700000| Untracked 
|  20|0x00000000c3800000, 0x00000000c3800000, 0x00000000c3900000|  0%| F|  |TAMS 0x00000000c3800000, 0x00000000c3800000| Untracked 
|  21|0x00000000c3900000, 0x00000000c3900000, 0x00000000c3a00000|  0%| F|  |TAMS 0x00000000c3900000, 0x00000000c3900000| Untracked 
|  22|0x00000000c3a00000, 0x00000000c3a00000, 0x00000000c3b00000|  0%| F|  |TAMS 0x00000000c3a00000, 0x00000000c3a00000| Untracked 
|  23|0x00000000c3b00000, 0x00000000c3b00000, 0x00000000c3c00000|  0%| F|  |TAMS 0x00000000c3b00000, 0x00000000c3b00000| Untracked 
|  24|0x00000000c3c00000, 0x00000000c3c00000, 0x00000000c3d00000|  0%| F|  |TAMS 0x00000000c3c00000, 0x00000000c3c00000| Untracked 
|  25|0x00000000c3d00000, 0x00000000c3d00000, 0x00000000c3e00000|  0%| F|  |TAMS 0x00000000c3d00000, 0x00000000c3d00000| Untracked 
|  26|0x00000000c3e00000, 0x00000000c3e00000, 0x00000000c3f00000|  0%| F|  |TAMS 0x00000000c3e00000, 0x00000000c3e00000| Untracked 
|  27|0x00000000c3f00000, 0x00000000c3f00000, 0x00000000c4000000|  0%| F|  |TAMS 0x00000000c3f00000, 0x00000000c3f00000| Untracked 
|  28|0x00000000c4000000, 0x00000000c4000000, 0x00000000c4100000|  0%| F|  |TAMS 0x00000000c4000000, 0x00000000c4000000| Untracked 
|  29|0x00000000c4100000, 0x00000000c4100000, 0x00000000c4200000|  0%| F|  |TAMS 0x00000000c4100000, 0x00000000c4100000| Untracked 
|  30|0x00000000c4200000, 0x00000000c4200000, 0x00000000c4300000|  0%| F|  |TAMS 0x00000000c4200000, 0x00000000c4200000| Untracked 
|  31|0x00000000c4300000, 0x00000000c4300000, 0x00000000c4400000|  0%| F|  |TAMS 0x00000000c4300000, 0x00000000c4300000| Untracked 
|  32|0x00000000c4400000, 0x00000000c4400000, 0x00000000c4500000|  0%| F|  |TAMS 0x00000000c4400000, 0x00000000c4400000| Untracked 
|  33|0x00000000c4500000, 0x00000000c4500000, 0x00000000c4600000|  0%| F|  |TAMS 0x00000000c4500000, 0x00000000c4500000| Untracked 
|  34|0x00000000c4600000, 0x00000000c4600000, 0x00000000c4700000|  0%| F|  |TAMS 0x00000000c4600000, 0x00000000c4600000| Untracked 
|  35|0x00000000c4700000, 0x00000000c4700000, 0x00000000c4800000|  0%| F|  |TAMS 0x00000000c4700000, 0x00000000c4700000| Untracked 
|  36|0x00000000c4800000, 0x00000000c4800000, 0x00000000c4900000|  0%| F|  |TAMS 0x00000000c4800000, 0x00000000c4800000| Untracked 
|  37|0x00000000c4900000, 0x00000000c4900000, 0x00000000c4a00000|  0%| F|  |TAMS 0x00000000c4900000, 0x00000000c4900000| Untracked 
|  38|0x00000000c4a00000, 0x00000000c4a00000, 0x00000000c4b00000|  0%| F|  |TAMS 0x00000000c4a00000, 0x00000000c4a00000| Untracked 
|  39|0x00000000c4b00000, 0x00000000c4b00000, 0x00000000c4c00000|  0%| F|  |TAMS 0x00000000c4b00000, 0x00000000c4b00000| Untracked 
|  40|0x00000000c4c00000, 0x00000000c4c9ffb0, 0x00000000c4d00000| 62%| S|CS|TAMS 0x00000000c4c00000, 0x00000000c4c00000| Complete 
|  41|0x00000000c4d00000, 0x00000000c4e00000, 0x00000000c4e00000|100%| S|CS|TAMS 0x00000000c4d00000, 0x00000000c4d00000| Complete 
|  42|0x00000000c4e00000, 0x00000000c4f00000, 0x00000000c4f00000|100%| S|CS|TAMS 0x00000000c4e00000, 0x00000000c4e00000| Complete 
|  43|0x00000000c4f00000, 0x00000000c4f00000, 0x00000000c5000000|  0%| F|  |TAMS 0x00000000c4f00000, 0x00000000c4f00000| Untracked 
|  44|0x00000000c5000000, 0x00000000c5000000, 0x00000000c5100000|  0%| F|  |TAMS 0x00000000c5000000, 0x00000000c5000000| Untracked 
|  45|0x00000000c5100000, 0x00000000c5100000, 0x00000000c5200000|  0%| F|  |TAMS 0x00000000c5100000, 0x00000000c5100000| Untracked 
|  46|0x00000000c5200000, 0x00000000c5200000, 0x00000000c5300000|  0%| F|  |TAMS 0x00000000c5200000, 0x00000000c5200000| Untracked 
|  47|0x00000000c5300000, 0x00000000c5300000, 0x00000000c5400000|  0%| F|  |TAMS 0x00000000c5300000, 0x00000000c5300000| Untracked 
|  48|0x00000000c5400000, 0x00000000c5400000, 0x00000000c5500000|  0%| F|  |TAMS 0x00000000c5400000, 0x00000000c5400000| Untracked 
|  49|0x00000000c5500000, 0x00000000c5500000, 0x00000000c5600000|  0%| F|  |TAMS 0x00000000c5500000, 0x00000000c5500000| Untracked 
|  50|0x00000000c5600000, 0x00000000c5600000, 0x00000000c5700000|  0%| F|  |TAMS 0x00000000c5600000, 0x00000000c5600000| Untracked 
|  51|0x00000000c5700000, 0x00000000c5700000, 0x00000000c5800000|  0%| F|  |TAMS 0x00000000c5700000, 0x00000000c5700000| Untracked 
|  52|0x00000000c5800000, 0x00000000c5800000, 0x00000000c5900000|  0%| F|  |TAMS 0x00000000c5800000, 0x00000000c5800000| Untracked 
|  53|0x00000000c5900000, 0x00000000c5900000, 0x00000000c5a00000|  0%| F|  |TAMS 0x00000000c5900000, 0x00000000c5900000| Untracked 
|  54|0x00000000c5a00000, 0x00000000c5a00000, 0x00000000c5b00000|  0%| F|  |TAMS 0x00000000c5a00000, 0x00000000c5a00000| Untracked 
|  55|0x00000000c5b00000, 0x00000000c5b00000, 0x00000000c5c00000|  0%| F|  |TAMS 0x00000000c5b00000, 0x00000000c5b00000| Untracked 
|  56|0x00000000c5c00000, 0x00000000c5c00000, 0x00000000c5d00000|  0%| F|  |TAMS 0x00000000c5c00000, 0x00000000c5c00000| Untracked 
|  57|0x00000000c5d00000, 0x00000000c5d00000, 0x00000000c5e00000|  0%| F|  |TAMS 0x00000000c5d00000, 0x00000000c5d00000| Untracked 
|  58|0x00000000c5e00000, 0x00000000c5e5dcf0, 0x00000000c5f00000| 36%| E|  |TAMS 0x00000000c5e00000, 0x00000000c5e00000| Complete 
|  59|0x00000000c5f00000, 0x00000000c6000000, 0x00000000c6000000|100%| E|CS|TAMS 0x00000000c5f00000, 0x00000000c5f00000| Complete 
|  60|0x00000000c6000000, 0x00000000c6100000, 0x00000000c6100000|100%| E|CS|TAMS 0x00000000c6000000, 0x00000000c6000000| Complete 
|  61|0x00000000c6100000, 0x00000000c6200000, 0x00000000c6200000|100%| E|CS|TAMS 0x00000000c6100000, 0x00000000c6100000| Complete 

Card table byte_map: [0x000001b9672a0000,0x000001b967490000] _byte_map_base: 0x000001b966c8e000

Marking Bits (Prev, Next): (CMBitMap*) 0x000001b9508dc820, (CMBitMap*) 0x000001b9508dc860
 Prev Bits: [0x000001b967680000, 0x000001b9685f0000)
 Next Bits: [0x000001b9685f0000, 0x000001b969560000)

Polling page: 0x000001b94e7f0000

Metaspace:

Usage:
  Non-class:      7.50 MB used.
      Class:      1.12 MB used.
       Both:      8.63 MB used.

Virtual space:
  Non-class space:       16.00 MB reserved,       7.62 MB ( 48%) committed,  2 nodes.
      Class space:        1.00 GB reserved,       1.25 MB ( <1%) committed,  1 nodes.
             Both:        1.02 GB reserved,       8.88 MB ( <1%) committed. 

Chunk freelists:
   Non-Class:  3.59 MB
       Class:  2.67 MB
        Both:  6.27 MB

MaxMetaspaceSize: unlimited
CompressedClassSpaceSize: 1.00 GB
Initial GC threshold: 21.00 MB
Current GC threshold: 21.00 MB
CDS: on
MetaspaceReclaimPolicy: balanced
 - commit_granule_bytes: 65536.
 - commit_granule_words: 8192.
 - virtual_space_node_default_size: 1048576.
 - enlarge_chunks_in_place: 1.
 - new_chunks_are_fully_committed: 0.
 - uncommit_free_chunks: 1.
 - use_allocation_guard: 0.
 - handle_deallocations: 1.


Internal statistics:

num_allocs_failed_limit: 0.
num_arena_births: 120.
num_arena_deaths: 0.
num_vsnodes_births: 3.
num_vsnodes_deaths: 0.
num_space_committed: 142.
num_space_uncommitted: 0.
num_chunks_returned_to_freelist: 0.
num_chunks_taken_from_freelist: 340.
num_chunk_merges: 0.
num_chunk_splits: 246.
num_chunks_enlarged: 198.
num_purges: 0.
num_inconsistent_stats: 0.

CodeHeap 'non-profiled nmethods': size=120000Kb used=371Kb max_used=371Kb free=119628Kb
 bounds [0x000001b95fb80000, 0x000001b95fdf0000, 0x000001b9670b0000]
CodeHeap 'profiled nmethods': size=120000Kb used=2072Kb max_used=2072Kb free=117927Kb
 bounds [0x000001b958650000, 0x000001b9588c0000, 0x000001b95fb80000]
CodeHeap 'non-nmethods': size=5760Kb used=1244Kb max_used=1261Kb free=4516Kb
 bounds [0x000001b9580b0000, 0x000001b958320000, 0x000001b958650000]
 total_blobs=1745 nmethods=1184 adapters=474
 compilation: enabled
              stopped_count=0, restarted_count=0
 full_count=0

Compilation events (20 events):
Event: 4.271 Thread 0x000001b96b986690 1158       3       java.lang.reflect.Modifier::isPrivate (12 bytes)
Event: 4.271 Thread 0x000001b96b986690 nmethod 1158 0x000001b958841790 code [0x000001b958841920, 0x000001b958841a78]
Event: 4.271 Thread 0x000001b96b986690 1159       3       java.lang.invoke.InvokerBytecodeGenerator::emitStoreResult (27 bytes)
Event: 4.271 Thread 0x000001b96b986690 nmethod 1159 0x000001b958841b10 code [0x000001b958841cc0, 0x000001b958841ea8]
Event: 4.271 Thread 0x000001b96b986690 1160       3       java.lang.invoke.LambdaForm$NamedFunction::intrinsicName (21 bytes)
Event: 4.271 Thread 0x000001b96b986690 nmethod 1160 0x000001b958841f90 code [0x000001b958842140, 0x000001b958842388]
Event: 4.272 Thread 0x000001b96b986690 1161       3       jdk.internal.org.objectweb.asm.Frame::setLocal (65 bytes)
Event: 4.272 Thread 0x000001b96b986690 nmethod 1161 0x000001b958842490 code [0x000001b958842660, 0x000001b958842b88]
Event: 4.272 Thread 0x000001b96b986690 1163       3       java.lang.invoke.InvokerBytecodeGenerator::emitReferenceCast (188 bytes)
Event: 4.273 Thread 0x000001b96b986690 nmethod 1163 0x000001b958842d10 code [0x000001b958842fc0, 0x000001b958843c68]
Event: 4.273 Thread 0x000001b96b986690 1164       3       java.lang.invoke.LambdaForm::useCount (61 bytes)
Event: 4.274 Thread 0x000001b96b986690 nmethod 1164 0x000001b958844010 code [0x000001b9588441e0, 0x000001b958844548]
Event: 4.274 Thread 0x000001b96b986690 1165       3       java.lang.invoke.InvokerBytecodeGenerator::storeInsnOpcode (98 bytes)
Event: 4.275 Thread 0x000001b96b986690 nmethod 1165 0x000001b958844710 code [0x000001b958844980, 0x000001b958845378]
Event: 4.275 Thread 0x000001b96b986690 1167       3       jdk.internal.org.objectweb.asm.Type::getReturnTypeOffset (64 bytes)
Event: 4.277 Thread 0x000001b96b986690 nmethod 1167 0x000001b958845690 code [0x000001b9588459c0, 0x000001b958846d98]
Event: 4.277 Thread 0x000001b96b986690 1166       3       java.lang.invoke.LambdaFormBuffer::changeName (149 bytes)
Event: 4.278 Thread 0x000001b96b986690 nmethod 1166 0x000001b958847510 code [0x000001b9588476e0, 0x000001b958847c28]
Event: 4.281 Thread 0x000001b96b986690 1168       3       java.lang.invoke.DirectMethodHandle::preparedLambdaForm (244 bytes)
Event: 4.283 Thread 0x000001b96b986690 nmethod 1168 0x000001b958847e10 code [0x000001b958848100, 0x000001b958849078]

GC Heap History (4 events):
Event: 1.930 GC heap before
{Heap before GC invocations=0 (full 0):
 garbage-first heap   total 63488K, used 13312K [0x00000000c2400000, 0x0000000100000000)
  region size 1024K, 13 young (13312K), 0 survivors (0K)
 Metaspace       used 2876K, committed 3008K, reserved 1056768K
  class space    used 305K, committed 384K, reserved 1048576K
}
Event: 1.941 GC heap after
{Heap after GC invocations=1 (full 0):
 garbage-first heap   total 63488K, used 1752K [0x00000000c2400000, 0x0000000100000000)
  region size 1024K, 2 young (2048K), 2 survivors (2048K)
 Metaspace       used 2876K, committed 3008K, reserved 1056768K
  class space    used 305K, committed 384K, reserved 1048576K
}
Event: 4.210 GC heap before
{Heap before GC invocations=1 (full 0):
 garbage-first heap   total 63488K, used 18136K [0x00000000c2400000, 0x0000000100000000)
  region size 1024K, 19 young (19456K), 2 survivors (2048K)
 Metaspace       used 8102K, committed 8320K, reserved 1056768K
  class space    used 1024K, committed 1152K, reserved 1048576K
}
Event: 4.216 GC heap after
{Heap after GC invocations=2 (full 0):
 garbage-first heap   total 63488K, used 4414K [0x00000000c2400000, 0x0000000100000000)
  region size 1024K, 3 young (3072K), 3 survivors (3072K)
 Metaspace       used 8102K, committed 8320K, reserved 1056768K
  class space    used 1024K, committed 1152K, reserved 1048576K
}

Deoptimization events (20 events):
Event: 3.873 Thread 0x000001b96cb9b440 Uncommon trap: trap_request=0xffffff45 fr.pc=0x000001b95fb9a738 relative=0x0000000000000038
Event: 3.873 Thread 0x000001b96cb9b440 Uncommon trap: reason=unstable_if action=reinterpret pc=0x000001b95fb9a738 method=java.lang.StringLatin1.canEncode(I)Z @ 4 c2
Event: 3.873 Thread 0x000001b96cb9b440 DEOPT PACKING pc=0x000001b95fb9a738 sp=0x00000064151fbae0
Event: 3.874 Thread 0x000001b96cb9b440 DEOPT UNPACKING pc=0x000001b9581023a3 sp=0x00000064151fba70 mode 2
Event: 4.125 Thread 0x000001b96cb9b440 Uncommon trap: trap_request=0xffffffde fr.pc=0x000001b95fbd33dc relative=0x000000000000049c
Event: 4.125 Thread 0x000001b96cb9b440 Uncommon trap: reason=class_check action=maybe_recompile pc=0x000001b95fbd33dc method=java.io.DataInputStream.readShort()S @ 4 c2
Event: 4.125 Thread 0x000001b96cb9b440 DEOPT PACKING pc=0x000001b95fbd33dc sp=0x00000064151fced0
Event: 4.125 Thread 0x000001b96cb9b440 DEOPT UNPACKING pc=0x000001b9581023a3 sp=0x00000064151fce90 mode 2
Event: 4.128 Thread 0x000001b96cb9b440 Uncommon trap: trap_request=0xffffffde fr.pc=0x000001b95fbd33dc relative=0x000000000000049c
Event: 4.128 Thread 0x000001b96cb9b440 Uncommon trap: reason=class_check action=maybe_recompile pc=0x000001b95fbd33dc method=java.io.DataInputStream.readShort()S @ 4 c2
Event: 4.128 Thread 0x000001b96cb9b440 DEOPT PACKING pc=0x000001b95fbd33dc sp=0x00000064151fce40
Event: 4.128 Thread 0x000001b96cb9b440 DEOPT UNPACKING pc=0x000001b9581023a3 sp=0x00000064151fce00 mode 2
Event: 4.151 Thread 0x000001b96cb9b440 Uncommon trap: trap_request=0xffffffde fr.pc=0x000001b95fbd33dc relative=0x000000000000049c
Event: 4.151 Thread 0x000001b96cb9b440 Uncommon trap: reason=class_check action=maybe_recompile pc=0x000001b95fbd33dc method=java.io.DataInputStream.readShort()S @ 4 c2
Event: 4.151 Thread 0x000001b96cb9b440 DEOPT PACKING pc=0x000001b95fbd33dc sp=0x00000064151fce40
Event: 4.151 Thread 0x000001b96cb9b440 DEOPT UNPACKING pc=0x000001b9581023a3 sp=0x00000064151fce00 mode 2
Event: 4.151 Thread 0x000001b96cb9b440 Uncommon trap: trap_request=0xffffffde fr.pc=0x000001b95fbd33dc relative=0x000000000000049c
Event: 4.151 Thread 0x000001b96cb9b440 Uncommon trap: reason=class_check action=maybe_recompile pc=0x000001b95fbd33dc method=java.io.DataInputStream.readShort()S @ 4 c2
Event: 4.151 Thread 0x000001b96cb9b440 DEOPT PACKING pc=0x000001b95fbd33dc sp=0x00000064151fccf0
Event: 4.151 Thread 0x000001b96cb9b440 DEOPT UNPACKING pc=0x000001b9581023a3 sp=0x00000064151fccb0 mode 2

Classes unloaded (0 events):
No events

Classes redefined (0 events):
No events

Internal exceptions (17 events):
Event: 0.547 Thread 0x000001b9508af620 Exception <a 'java/lang/NoSuchMethodError'{0x00000000c60233a8}: 'void java.lang.invoke.DirectMethodHandle$Holder.invokeVirtual(java.lang.Object, java.lang.Object)'> (0x00000000c60233a8) 
thrown [t:\workspace\open\src\hotspot\share\interpreter\linkResolver.cpp, line 766]
Event: 1.003 Thread 0x000001b96c5a15a0 Exception <a 'java/lang/NoSuchMethodError'{0x00000000c5b489f8}: 'java.lang.Object java.lang.invoke.DirectMethodHandle$Holder.invokeStaticInit(java.lang.Object)'> (0x00000000c5b489f8) 
thrown [t:\workspace\open\src\hotspot\share\interpreter\linkResolver.cpp, line 766]
Event: 1.014 Thread 0x000001b96c5a15a0 Exception <a 'java/lang/ClassNotFoundException'{0x00000000c5b53d50}: jdk/net/ExtendedSocketOptions> (0x00000000c5b53d50) 
thrown [t:\workspace\open\src\hotspot\share\classfile\systemDictionary.cpp, line 256]
Event: 1.016 Thread 0x000001b96c5a15a0 Exception <a 'java/lang/NoSuchMethodError'{0x00000000c5b555e8}: 'void java.lang.invoke.DirectMethodHandle$Holder.invokeStatic(java.lang.Object, java.lang.Object)'> (0x00000000c5b555e8) 
thrown [t:\workspace\open\src\hotspot\share\interpreter\linkResolver.cpp, line 766]
Event: 1.866 Thread 0x000001b9508af620 Exception <a 'java/lang/NoSuchMethodError'{0x00000000c55b6d40}: 'void java.lang.invoke.DirectMethodHandle$Holder.invokeSpecial(java.lang.Object, java.lang.Object, java.lang.Object)'> (0x00000000c55b6d40) 
thrown [t:\workspace\open\src\hotspot\share\interpreter\linkResolver.cpp, line 766]
Event: 1.897 Thread 0x000001b9508af620 Exception <a 'java/lang/NoSuchMethodError'{0x00000000c55ed5f8}: 'void java.lang.invoke.DirectMethodHandle$Holder.invokeStatic(java.lang.Object, java.lang.Object, java.lang.Object)'> (0x00000000c55ed5f8) 
thrown [t:\workspace\open\src\hotspot\share\interpreter\linkResolver.cpp, line 766]
Event: 2.288 Thread 0x000001b9508af620 Exception <a 'java/lang/NoSuchMethodError'{0x00000000c6017070}: 'int java.lang.invoke.DirectMethodHandle$Holder.invokeStaticInit(java.lang.Object, java.lang.Object, java.lang.Object)'> (0x00000000c6017070) 
thrown [t:\workspace\open\src\hotspot\share\interpreter\linkResolver.cpp, line 766]
Event: 2.444 Thread 0x000001b9508af620 Exception <a 'java/lang/NoSuchMethodError'{0x00000000c5f03780}: 'java.lang.Object java.lang.invoke.DirectMethodHandle$Holder.newInvokeSpecial(java.lang.Object, java.lang.Object, int, java.lang.Object)'> (0x00000000c5f03780) 
thrown [t:\workspace\open\src\hotspot\share\interpreter\linkResolver.cpp, line 766]
Event: 2.445 Thread 0x000001b9508af620 Exception <a 'java/lang/NoSuchMethodError'{0x00000000c5f07b60}: 'java.lang.Object java.lang.invoke.DirectMethodHandle$Holder.invokeSpecial(java.lang.Object, java.lang.Object, java.lang.Object, int, java.lang.Object)'> (0x00000000c5f07b60) 
thrown [t:\workspace\open\src\hotspot\share\interpreter\linkResolver.cpp, line 766]
Event: 2.658 Thread 0x000001b96cb9b440 Exception <a 'java/lang/NoSuchMethodError'{0x00000000c5d4e400}: 'void java.lang.invoke.DirectMethodHandle$Holder.invokeStaticInit(java.lang.Object)'> (0x00000000c5d4e400) 
thrown [t:\workspace\open\src\hotspot\share\interpreter\linkResolver.cpp, line 766]
Event: 2.665 Thread 0x000001b9508af620 Exception <a 'java/lang/NoSuchMethodError'{0x00000000c5f1cd60}: 'java.lang.Object java.lang.invoke.DirectMethodHandle$Holder.newInvokeSpecial(java.lang.Object, java.lang.Object, java.lang.Object, java.lang.Object, java.lang.Object, java.lang.Object)'> (0x00000000c5f1cd60) 
thrown [t:\workspace\open\src\hotspot\share\interpreter\linkResolver.cpp, line 766]
Event: 2.834 Thread 0x000001b9508af620 Exception <a 'java/lang/NoSuchMethodError'{0x00000000c5f51130}: 'java.lang.Object java.lang.invoke.DirectMethodHandle$Holder.newInvokeSpecial(java.lang.Object, java.lang.Object, java.lang.Object, java.lang.Object, java.lang.Object)'> (0x00000000c5f51130) 
thrown [t:\workspace\open\src\hotspot\share\interpreter\linkResolver.cpp, line 766]
Event: 2.846 Thread 0x000001b96ce13480 Exception <a 'java/lang/NoSuchMethodError'{0x00000000c5c58380}: 'void java.lang.invoke.DirectMethodHandle$Holder.invokeStatic(java.lang.Object, java.lang.Object, java.lang.Object, java.lang.Object)'> (0x00000000c5c58380) 
thrown [t:\workspace\open\src\hotspot\share\interpreter\linkResolver.cpp, line 766]
Event: 3.762 Thread 0x000001b96cb9b440 Exception <a 'sun/nio/fs/WindowsException'{0x00000000c59e51d0}> (0x00000000c59e51d0) 
thrown [t:\workspace\open\src\hotspot\share\prims\jni.cpp, line 516]
Event: 3.865 Thread 0x000001b96cb9b440 Exception <a 'java/lang/NoSuchMethodError'{0x00000000c566a830}: 'java.lang.Object java.lang.invoke.DirectMethodHandle$Holder.invokeStaticInit(java.lang.Object, java.lang.Object, java.lang.Object, java.lang.Object)'> (0x00000000c566a830) 
thrown [t:\workspace\open\src\hotspot\share\interpreter\linkResolver.cpp, line 766]
Event: 3.867 Thread 0x000001b96cb9b440 Exception <a 'java/lang/NullPointerException'{0x00000000c5676518}> (0x00000000c5676518) 
thrown [t:\workspace\open\src\hotspot\share\interpreter\linkResolver.cpp, line 1357]
Event: 4.222 Thread 0x000001b96cb9b440 Exception <a 'java/lang/NoSuchMethodError'{0x00000000c61219a8}: 'void java.lang.invoke.DirectMethodHandle$Holder.invokeStaticInit(java.lang.Object, java.lang.Object)'> (0x00000000c61219a8) 
thrown [t:\workspace\open\src\hotspot\share\interpreter\linkResolver.cpp, line 766]

VM Operations (16 events):
Event: 0.786 Executing VM operation: HandshakeAllThreads
Event: 0.786 Executing VM operation: HandshakeAllThreads done
Event: 0.786 Executing VM operation: HandshakeAllThreads
Event: 0.786 Executing VM operation: HandshakeAllThreads done
Event: 1.000 Executing VM operation: HandshakeAllThreads
Event: 1.000 Executing VM operation: HandshakeAllThreads done
Event: 1.929 Executing VM operation: G1CollectForAllocation
Event: 1.941 Executing VM operation: G1CollectForAllocation done
Event: 2.315 Executing VM operation: HandshakeAllThreads
Event: 2.315 Executing VM operation: HandshakeAllThreads done
Event: 3.316 Executing VM operation: Cleanup
Event: 3.316 Executing VM operation: Cleanup done
Event: 4.078 Executing VM operation: HandshakeAllThreads
Event: 4.078 Executing VM operation: HandshakeAllThreads done
Event: 4.210 Executing VM operation: G1CollectForAllocation
Event: 4.216 Executing VM operation: G1CollectForAllocation done

Events (20 events):
Event: 4.119 loading class java/util/AbstractList$RandomAccessSubList
Event: 4.119 loading class java/util/AbstractList$SubList
Event: 4.120 loading class java/util/AbstractList$SubList done
Event: 4.120 loading class java/util/AbstractList$RandomAccessSubList done
Event: 4.120 loading class java/util/AbstractList$SubList$1
Event: 4.120 loading class java/util/AbstractList$SubList$1 done
Event: 4.120 loading class java/util/AbstractList$ListItr
Event: 4.120 loading class java/util/AbstractList$ListItr done
Event: 4.220 loading class java/util/WeakHashMap$Values
Event: 4.221 loading class java/util/WeakHashMap$Values done
Event: 4.221 loading class java/util/WeakHashMap$ValueIterator
Event: 4.221 loading class java/util/WeakHashMap$ValueIterator done
Event: 4.228 loading class java/lang/CloneNotSupportedException
Event: 4.229 loading class java/lang/CloneNotSupportedException done
Event: 4.239 loading class java/util/regex/Pattern$Loop
Event: 4.239 loading class java/util/regex/Pattern$Loop done
Event: 4.240 loading class java/util/regex/Pattern$Prolog
Event: 4.240 loading class java/util/regex/Pattern$Prolog done
Event: 4.279 loading class java/security/AllPermissionCollection
Event: 4.279 loading class java/security/AllPermissionCollection done


Dynamic libraries:
0x00007ff6b8430000 - 0x00007ff6b843e000 	C:\Users\famil\.jdks\openjdk-17\bin\java.exe
0x00007ff8d2030000 - 0x00007ff8d2225000 	C:\WINDOWS\SYSTEM32\ntdll.dll
0x00007ff8d1070000 - 0x00007ff8d112e000 	C:\WINDOWS\System32\KERNEL32.DLL
0x00007ff8cfa50000 - 0x00007ff8cfd18000 	C:\WINDOWS\System32\KERNELBASE.dll
0x00007ff8cf750000 - 0x00007ff8cf850000 	C:\WINDOWS\System32\ucrtbase.dll
0x00007ff8c7670000 - 0x00007ff8c7688000 	C:\Users\famil\.jdks\openjdk-17\bin\jli.dll
0x00007ff8bc4e0000 - 0x00007ff8bc4fa000 	C:\Users\famil\.jdks\openjdk-17\bin\VCRUNTIME140.dll
0x00007ff8d1b20000 - 0x00007ff8d1cc0000 	C:\WINDOWS\System32\USER32.dll
0x00007ff8cfa20000 - 0x00007ff8cfa42000 	C:\WINDOWS\System32\win32u.dll
0x00007ff8ba670000 - 0x00007ff8ba90a000 	C:\WINDOWS\WinSxS\amd64_microsoft.windows.common-controls_6595b64144ccf1df_6.0.19041.1110_none_60b5254171f9507e\COMCTL32.dll
0x00007ff8d0f20000 - 0x00007ff8d0f4b000 	C:\WINDOWS\System32\GDI32.dll
0x00007ff8d0090000 - 0x00007ff8d012e000 	C:\WINDOWS\System32\msvcrt.dll
0x00007ff8cff80000 - 0x00007ff8d008b000 	C:\WINDOWS\System32\gdi32full.dll
0x00007ff8cfee0000 - 0x00007ff8cff7d000 	C:\WINDOWS\System32\msvcp_win.dll
0x00007ff8d1230000 - 0x00007ff8d1260000 	C:\WINDOWS\System32\IMM32.DLL
0x00007ff8be3c0000 - 0x00007ff8be3cc000 	C:\Users\famil\.jdks\openjdk-17\bin\vcruntime140_1.dll
0x00007ff896390000 - 0x00007ff89641d000 	C:\Users\famil\.jdks\openjdk-17\bin\msvcp140.dll
0x00007ff85a770000 - 0x00007ff85b32e000 	C:\Users\famil\.jdks\openjdk-17\bin\server\jvm.dll
0x00007ff8d1340000 - 0x00007ff8d13ee000 	C:\WINDOWS\System32\ADVAPI32.dll
0x00007ff8d13f0000 - 0x00007ff8d148c000 	C:\WINDOWS\System32\sechost.dll
0x00007ff8d19f0000 - 0x00007ff8d1b15000 	C:\WINDOWS\System32\RPCRT4.dll
0x00007ff8d1510000 - 0x00007ff8d1518000 	C:\WINDOWS\System32\PSAPI.DLL
0x00007ff8c6830000 - 0x00007ff8c6839000 	C:\WINDOWS\SYSTEM32\WSOCK32.dll
0x00007ff8d1d70000 - 0x00007ff8d1ddb000 	C:\WINDOWS\System32\WS2_32.dll
0x00007ff8abbf0000 - 0x00007ff8abc17000 	C:\WINDOWS\SYSTEM32\WINMM.dll
0x00007ff8c5380000 - 0x00007ff8c538a000 	C:\WINDOWS\SYSTEM32\VERSION.dll
0x00007ff8cd620000 - 0x00007ff8cd632000 	C:\WINDOWS\SYSTEM32\kernel.appcore.dll
0x00007ff8b9150000 - 0x00007ff8b915a000 	C:\Users\famil\.jdks\openjdk-17\bin\jimage.dll
0x00007ff8c7cb0000 - 0x00007ff8c7e94000 	C:\WINDOWS\SYSTEM32\DBGHELP.DLL
0x00007ff8b4ac0000 - 0x00007ff8b4aec000 	C:\WINDOWS\SYSTEM32\dbgcore.DLL
0x00007ff8cfda0000 - 0x00007ff8cfe22000 	C:\WINDOWS\System32\bcryptPrimitives.dll
0x00007ff8a2fe0000 - 0x00007ff8a2fee000 	C:\Users\famil\.jdks\openjdk-17\bin\instrument.dll
0x00007ff8a2f60000 - 0x00007ff8a2f85000 	C:\Users\famil\.jdks\openjdk-17\bin\java.dll
0x00007ff88f780000 - 0x00007ff88f856000 	C:\Users\famil\.jdks\openjdk-17\bin\svml.dll
0x00007ff8d03a0000 - 0x00007ff8d0ae4000 	C:\WINDOWS\System32\SHELL32.dll
0x00007ff8cd820000 - 0x00007ff8cdfb4000 	C:\WINDOWS\SYSTEM32\windows.storage.dll
0x00007ff8d0bc0000 - 0x00007ff8d0f14000 	C:\WINDOWS\System32\combase.dll
0x00007ff8cf140000 - 0x00007ff8cf16c000 	C:\WINDOWS\SYSTEM32\Wldp.dll
0x00007ff8d1cc0000 - 0x00007ff8d1d6d000 	C:\WINDOWS\System32\SHCORE.dll
0x00007ff8d1f90000 - 0x00007ff8d1fe5000 	C:\WINDOWS\System32\shlwapi.dll
0x00007ff8cf690000 - 0x00007ff8cf6af000 	C:\WINDOWS\SYSTEM32\profapi.dll
0x00007ff8a50b0000 - 0x00007ff8a50c9000 	C:\Users\famil\.jdks\openjdk-17\bin\net.dll
0x00007ff8bc570000 - 0x00007ff8bc679000 	C:\WINDOWS\SYSTEM32\WINHTTP.dll
0x00007ff8cee00000 - 0x00007ff8cee6a000 	C:\WINDOWS\system32\mswsock.dll
0x00007ff8a3070000 - 0x00007ff8a3085000 	C:\Users\famil\.jdks\openjdk-17\bin\nio.dll
0x00007ff8a2f40000 - 0x00007ff8a2f58000 	C:\Users\famil\.jdks\openjdk-17\bin\zip.dll
0x00007ff8a2fc0000 - 0x00007ff8a2fda000 	C:\Program Files\JetBrains\IntelliJ IDEA 2021.2.2\bin\breakgen64.dll
0x000001b94e870000 - 0x000001b94e873000 	C:\Users\famil\.openjfx\cache\17-ea\api-ms-win-core-console-l1-1-0.dll
0x000001b94e880000 - 0x000001b94e883000 	C:\Users\famil\.openjfx\cache\17-ea\api-ms-win-core-console-l1-2-0.dll
0x000001b94e890000 - 0x000001b94e893000 	C:\Users\famil\.openjfx\cache\17-ea\api-ms-win-core-datetime-l1-1-0.dll
0x000001b94e8a0000 - 0x000001b94e8a3000 	C:\Users\famil\.openjfx\cache\17-ea\api-ms-win-core-debug-l1-1-0.dll
0x000001b94e8b0000 - 0x000001b94e8b3000 	C:\Users\famil\.openjfx\cache\17-ea\api-ms-win-core-errorhandling-l1-1-0.dll
0x000001b94e8c0000 - 0x000001b94e8c4000 	C:\Users\famil\.openjfx\cache\17-ea\api-ms-win-core-file-l1-1-0.dll
0x000001b94e8d0000 - 0x000001b94e8d3000 	C:\Users\famil\.openjfx\cache\17-ea\api-ms-win-core-file-l1-2-0.dll
0x000001b9507c0000 - 0x000001b9507c3000 	C:\Users\famil\.openjfx\cache\17-ea\api-ms-win-core-file-l2-1-0.dll
0x000001b9507d0000 - 0x000001b9507d3000 	C:\Users\famil\.openjfx\cache\17-ea\api-ms-win-core-handle-l1-1-0.dll
0x000001b9507e0000 - 0x000001b9507e3000 	C:\Users\famil\.openjfx\cache\17-ea\api-ms-win-core-heap-l1-1-0.dll
0x000001b9507f0000 - 0x000001b9507f3000 	C:\Users\famil\.openjfx\cache\17-ea\api-ms-win-core-interlocked-l1-1-0.dll
0x000001b950800000 - 0x000001b950803000 	C:\Users\famil\.openjfx\cache\17-ea\api-ms-win-core-libraryloader-l1-1-0.dll
0x000001b950810000 - 0x000001b950813000 	C:\Users\famil\.openjfx\cache\17-ea\api-ms-win-core-localization-l1-2-0.dll
0x000001b950820000 - 0x000001b950823000 	C:\Users\famil\.openjfx\cache\17-ea\api-ms-win-core-memory-l1-1-0.dll
0x000001b950830000 - 0x000001b950833000 	C:\Users\famil\.openjfx\cache\17-ea\api-ms-win-core-namedpipe-l1-1-0.dll
0x000001b950840000 - 0x000001b950843000 	C:\Users\famil\.openjfx\cache\17-ea\api-ms-win-core-processenvironment-l1-1-0.dll
0x000001b950850000 - 0x000001b950853000 	C:\Users\famil\.openjfx\cache\17-ea\api-ms-win-core-processthreads-l1-1-0.dll
0x000001b950860000 - 0x000001b950863000 	C:\Users\famil\.openjfx\cache\17-ea\api-ms-win-core-processthreads-l1-1-1.dll
0x000001b950870000 - 0x000001b950873000 	C:\Users\famil\.openjfx\cache\17-ea\api-ms-win-core-profile-l1-1-0.dll
0x000001b950880000 - 0x000001b950883000 	C:\Users\famil\.openjfx\cache\17-ea\api-ms-win-core-rtlsupport-l1-1-0.dll
0x000001b96bb90000 - 0x000001b96bb93000 	C:\Users\famil\.openjfx\cache\17-ea\api-ms-win-core-string-l1-1-0.dll
0x000001b96bba0000 - 0x000001b96bba3000 	C:\Users\famil\.openjfx\cache\17-ea\api-ms-win-core-synch-l1-1-0.dll
0x000001b96bbb0000 - 0x000001b96bbb3000 	C:\Users\famil\.openjfx\cache\17-ea\api-ms-win-core-synch-l1-2-0.dll
0x000001b96bbc0000 - 0x000001b96bbc3000 	C:\Users\famil\.openjfx\cache\17-ea\api-ms-win-core-sysinfo-l1-1-0.dll
0x000001b96bbd0000 - 0x000001b96bbd3000 	C:\Users\famil\.openjfx\cache\17-ea\api-ms-win-core-timezone-l1-1-0.dll
0x000001b96bbe0000 - 0x000001b96bbe3000 	C:\Users\famil\.openjfx\cache\17-ea\api-ms-win-core-util-l1-1-0.dll
0x000001b96bbf0000 - 0x000001b96bbf3000 	C:\Users\famil\.openjfx\cache\17-ea\api-ms-win-crt-conio-l1-1-0.dll
0x000001b96d000000 - 0x000001b96d004000 	C:\Users\famil\.openjfx\cache\17-ea\api-ms-win-crt-convert-l1-1-0.dll
0x000001b96d010000 - 0x000001b96d013000 	C:\Users\famil\.openjfx\cache\17-ea\api-ms-win-crt-environment-l1-1-0.dll
0x000001b96d020000 - 0x000001b96d023000 	C:\Users\famil\.openjfx\cache\17-ea\api-ms-win-crt-filesystem-l1-1-0.dll
0x000001b96d030000 - 0x000001b96d033000 	C:\Users\famil\.openjfx\cache\17-ea\api-ms-win-crt-heap-l1-1-0.dll
0x000001b96d040000 - 0x000001b96d043000 	C:\Users\famil\.openjfx\cache\17-ea\api-ms-win-crt-locale-l1-1-0.dll
0x000001b96d050000 - 0x000001b96d055000 	C:\Users\famil\.openjfx\cache\17-ea\api-ms-win-crt-math-l1-1-0.dll
0x000001b96d060000 - 0x000001b96d065000 	C:\Users\famil\.openjfx\cache\17-ea\api-ms-win-crt-multibyte-l1-1-0.dll
0x000001b96d070000 - 0x000001b96d080000 	C:\Users\famil\.openjfx\cache\17-ea\api-ms-win-crt-private-l1-1-0.dll
0x000001b96d080000 - 0x000001b96d083000 	C:\Users\famil\.openjfx\cache\17-ea\api-ms-win-crt-process-l1-1-0.dll
0x000001b96d090000 - 0x000001b96d094000 	C:\Users\famil\.openjfx\cache\17-ea\api-ms-win-crt-runtime-l1-1-0.dll
0x000001b96d0a0000 - 0x000001b96d0a4000 	C:\Users\famil\.openjfx\cache\17-ea\api-ms-win-crt-stdio-l1-1-0.dll
0x000001b96d0b0000 - 0x000001b96d0b4000 	C:\Users\famil\.openjfx\cache\17-ea\api-ms-win-crt-string-l1-1-0.dll
0x000001b96d0c0000 - 0x000001b96d0c3000 	C:\Users\famil\.openjfx\cache\17-ea\api-ms-win-crt-time-l1-1-0.dll
0x000001b96d0d0000 - 0x000001b96d0d3000 	C:\Users\famil\.openjfx\cache\17-ea\api-ms-win-crt-utility-l1-1-0.dll
0x00007ff8877f0000 - 0x00007ff8878ec000 	C:\Users\famil\.openjfx\cache\17-ea\ucrtbase.dll
0x00007ff8a2fa0000 - 0x00007ff8a2fba000 	C:\Users\famil\.openjfx\cache\17-ea\vcruntime140.dll
0x00007ff8a2f90000 - 0x00007ff8a2f9c000 	C:\Users\famil\.openjfx\cache\17-ea\vcruntime140_1.dll
0x00007ff887600000 - 0x00007ff88768d000 	C:\Users\famil\.openjfx\cache\17-ea\msvcp140.dll
0x00007ff89f1d0000 - 0x00007ff89f1f7000 	C:\Users\famil\.openjfx\cache\17-ea\prism_d3d.dll
0x00007ff887280000 - 0x00007ff88744f000 	C:\WINDOWS\system32\d3d9.dll
0x00007ff8cd330000 - 0x00007ff8cd35f000 	C:\WINDOWS\SYSTEM32\dwmapi.dll
0x00007ff8cd140000 - 0x00007ff8cd1de000 	C:\WINDOWS\system32\uxtheme.dll
0x00007ff86f790000 - 0x00007ff86f8f4000 	C:\WINDOWS\System32\DriverStore\FileRepository\iigd_dch.inf_amd64_044fd6f0c2ae28a8\igdumdim64.dll
0x00007ff8d0270000 - 0x00007ff8d039a000 	C:\WINDOWS\System32\ole32.dll
0x00007ff8518f0000 - 0x00007ff85621c000 	C:\WINDOWS\System32\DriverStore\FileRepository\iigd_dch.inf_amd64_044fd6f0c2ae28a8\igd9dxva64.dll
0x00007ff8d0af0000 - 0x00007ff8d0bbd000 	C:\WINDOWS\System32\OLEAUT32.dll
0x00007ff8d1520000 - 0x00007ff8d1990000 	C:\WINDOWS\System32\SETUPAPI.dll
0x00007ff8cfd50000 - 0x00007ff8cfd9e000 	C:\WINDOWS\System32\cfgmgr32.dll
0x00007ff8cfd20000 - 0x00007ff8cfd47000 	C:\WINDOWS\System32\bcrypt.dll
0x00007ff8c14b0000 - 0x00007ff8c1774000 	C:\WINDOWS\System32\DriverStore\FileRepository\iigd_dch.inf_amd64_044fd6f0c2ae28a8\igdgmm64.dll
0x00007ff88f8f0000 - 0x00007ff88f932000 	C:\Users\famil\.openjfx\cache\17-ea\glass.dll
0x00007ff8d1150000 - 0x00007ff8d122b000 	C:\WINDOWS\System32\COMDLG32.dll
0x00007ff8d0f50000 - 0x00007ff8d1066000 	C:\WINDOWS\System32\MSCTF.dll
0x00007ff8a47f0000 - 0x00007ff8a4817000 	C:\WINDOWS\System32\DriverStore\FileRepository\iigd_dch.inf_amd64_044fd6f0c2ae28a8\igdinfo64.dll
0x00007ff8be870000 - 0x00007ff8c1404000 	C:\WINDOWS\System32\DriverStore\FileRepository\iigd_dch.inf_amd64_044fd6f0c2ae28a8\igc64.dll
0x00007ff8c3f80000 - 0x00007ff8c3fbb000 	C:\WINDOWS\SYSTEM32\dxcore.dll
0x00007ff89ded0000 - 0x00007ff89dee4000 	C:\Users\famil\.openjfx\cache\17-ea\javafx_font.dll

dbghelp: loaded successfully - version: 4.0.5 - missing functions: none
symbol engine: initialized successfully - sym options: 0x614 - pdb path: .;C:\Users\famil\.jdks\openjdk-17\bin;C:\WINDOWS\SYSTEM32;C:\WINDOWS\WinSxS\amd64_microsoft.windows.common-controls_6595b64144ccf1df_6.0.19041.1110_none_60b5254171f9507e;C:\Users\famil\.jdks\openjdk-17\bin\server;C:\Program Files\JetBrains\IntelliJ IDEA 2021.2.2\bin;C:\Users\famil\.openjfx\cache\17-ea;C:\WINDOWS\System32\DriverStore\FileRepository\iigd_dch.inf_amd64_044fd6f0c2ae28a8

VM Arguments:
jvm_args: -javaagent:C:\Program Files\JetBrains\IntelliJ IDEA 2021.2.2\lib\idea_rt.jar=57572:C:\Program Files\JetBrains\IntelliJ IDEA 2021.2.2\bin -Dfile.encoding=UTF-8 --module-path=C:\Users\famil\IdeaProjects\Exam\target\classes;C:\Users\famil\.m2\repository\org\openjfx\javafx-base\17-ea+11\javafx-base-17-ea+11-win.jar;C:\Users\famil\.m2\repository\org\openjfx\javafx-graphics\17-ea+11\javafx-graphics-17-ea+11-win.jar;C:\Users\famil\.m2\repository\org\openjfx\javafx-fxml\17-ea+11\javafx-fxml-17-ea+11-win.jar;C:\Users\famil\.m2\repository\org\openjfx\javafx-controls\17-ea+11\javafx-controls-17-ea+11-win.jar -Djdk.module.main=mainproject.lab11gui 
java_command: mainproject.lab11gui/View.StartProgram
java_class_path (initial): C:\Users\famil\.m2\repository\org\openjfx\javafx-controls\17-ea+11\javafx-controls-17-ea+11.jar;C:\Users\famil\.m2\repository\org\openjfx\javafx-graphics\17-ea+11\javafx-graphics-17-ea+11.jar;C:\Users\famil\.m2\repository\org\openjfx\javafx-base\17-ea+11\javafx-base-17-ea+11.jar;C:\Users\famil\.m2\repository\org\openjfx\javafx-fxml\17-ea+11\javafx-fxml-17-ea+11.jar
Launcher Type: SUN_STANDARD

[Global flags]
     intx CICompilerCount                          = 3                                         {product} {ergonomic}
     uint ConcGCThreads                            = 1                                         {product} {ergonomic}
     uint G1ConcRefinementThreads                  = 4                                         {product} {ergonomic}
   size_t G1HeapRegionSize                         = 1048576                                   {product} {ergonomic}
    uintx GCDrainStackTargetSize                   = 64                                        {product} {ergonomic}
   size_t InitialHeapSize                          = 65011712                                  {product} {ergonomic}
   size_t MarkStackSize                            = 4194304                                   {product} {ergonomic}
   size_t MaxHeapSize                              = 1035993088                                {product} {ergonomic}
   size_t MaxNewSize                               = 620756992                                 {product} {ergonomic}
   size_t MinHeapDeltaBytes                        = 1048576                                   {product} {ergonomic}
   size_t MinHeapSize                              = 8388608                                   {product} {ergonomic}
    uintx NonNMethodCodeHeapSize                   = 5832780                                {pd product} {ergonomic}
    uintx NonProfiledCodeHeapSize                  = 122912730                              {pd product} {ergonomic}
    uintx ProfiledCodeHeapSize                     = 122912730                              {pd product} {ergonomic}
    uintx ReservedCodeCacheSize                    = 251658240                              {pd product} {ergonomic}
     bool SegmentedCodeCache                       = true                                      {product} {ergonomic}
   size_t SoftMaxHeapSize                          = 1035993088                             {manageable} {ergonomic}
     bool UseCompressedClassPointers               = true                           {product lp64_product} {ergonomic}
     bool UseCompressedOops                        = true                           {product lp64_product} {ergonomic}
     bool UseG1GC                                  = true                                      {product} {ergonomic}
     bool UseLargePagesIndividualAllocation        = false                                  {pd product} {ergonomic}

Logging:
Log output configuration:
 #0: stdout all=warning uptime,level,tags
 #1: stderr all=off uptime,level,tags

Environment Variables:
PATH=C:\WINDOWS\system32;C:\WINDOWS;C:\WINDOWS\System32\Wbem;C:\WINDOWS\System32\WindowsPowerShell\v1.0\;C:\WINDOWS\System32\OpenSSH\;C:\Program Files\PuTTY\;C:\Program Files\dotnet\;C:\Program Files\Microsoft SQL Server\Client SDK\ODBC\170\Tools\Binn\;C:\Program Files (x86)\Microsoft SQL Server\150\Tools\Binn\;C:\Program Files\Microsoft SQL Server\150\Tools\Binn\;C:\Program Files\Microsoft SQL Server\150\DTS\Binn\;C:\Program Files\Azure Data Studio\bin;C:\Program Files (x86)\Microsoft SQL Server\150\DTS\Binn\;C:\Program Files (x86)\dotnet\;C:\Users\famil\AppData\Local\Microsoft\WindowsApps;C:\Users\famil\AppData\Local\GitHubDesktop\bin;C:\Program Files\JetBrains\CLion 2020.3.2\bin;;C:\Users\famil\.dotnet\tools;C:\Program Files\Azure Data Studio\bin
USERNAME=famil
OS=Windows_NT
PROCESSOR_IDENTIFIER=Intel64 Family 6 Model 142 Stepping 12, GenuineIntel



---------------  S Y S T E M  ---------------

OS:
 Windows 10 , 64 bit Build 19041 (10.0.19041.1566)
OS uptime: 7 days 19:44 hours
Hyper-V role detected

CPU: total 4 (initial active 4) (2 cores per cpu, 2 threads per core) family 6 model 142 stepping 12 microcode 0xca, cx8, cmov, fxsr, ht, mmx, 3dnowpref, sse, sse2, sse3, ssse3, sse4.1, sse4.2, popcnt, lzcnt, tsc, tscinvbit, avx, avx2, aes, erms, clmul, bmi1, bmi2, adx, fma, vzeroupper, clflush, clflushopt, hv

Memory: 4k page, system-wide physical 3948M (202M free)
TotalPageFile size 16236M (AvailPageFile size 2M)
current process WorkingSet (physical memory assigned to process): 106M, peak: 106M
current process commit charge ("private bytes"): 179M, peak: 179M

vm_info: OpenJDK 64-Bit Server VM (17+35-2724) for windows-amd64 JRE (17+35-2724), built on Aug  5 2021 23:26:02 by "mach5one" with MS VC++ 16.8 (VS2019)

END.
