#
# There is insufficient memory for the Java Runtime Environment to continue.
# Native memory allocation (mmap) failed to map 65011712 bytes for G1 virtual space
# Possible reasons:
#   The system is out of physical RAM or swap space
#   The process is running with CompressedOops enabled, and the Java Heap may be blocking the growth of the native heap
# Possible solutions:
#   Reduce memory load on the system
#   Increase physical memory or swap space
#   Check if swap backing store is full
#   Decrease Java heap size (-Xmx/-Xms)
#   Decrease number of Java threads
#   Decrease Java thread stack sizes (-Xss)
#   Set larger code cache with -XX:ReservedCodeCacheSize=
#   JVM is running with Unscaled Compressed Oops mode in which the Java heap is
#     placed in the first 4GB address space. The Java Heap base address is the
#     maximum limit for the native heap growth. Please use -XX:HeapBaseMinAddress
#     to set the Java Heap base and to place the Java Heap above 4GB virtual address.
# This output file may be truncated or incomplete.
#
#  Out of Memory Error (os_windows.cpp:3469), pid=9888, tid=8456
#
# JRE version:  (17.0+35) (build )
# Java VM: OpenJDK 64-Bit Server VM (17+35-2724, mixed mode, sharing, tiered, compressed oops, compressed class ptrs, g1 gc, windows-amd64)
# No core dump will be written. Minidumps are not enabled by default on client versions of Windows
#

---------------  S U M M A R Y ------------

Command Line: -javaagent:C:\Program Files\JetBrains\IntelliJ IDEA 2021.2.2\lib\idea_rt.jar=65524:C:\Program Files\JetBrains\IntelliJ IDEA 2021.2.2\bin -Dfile.encoding=UTF-8 --module-path=C:\Users\famil\IdeaProjects\Exam\target\classes;C:\Users\famil\.m2\repository\org\openjfx\javafx-controls\17-ea+11\javafx-controls-17-ea+11-win.jar;C:\Users\famil\.m2\repository\org\openjfx\javafx-fxml\17-ea+11\javafx-fxml-17-ea+11-win.jar;C:\Users\famil\.m2\repository\org\openjfx\javafx-graphics\17-ea+11\javafx-graphics-17-ea+11-win.jar;C:\Users\famil\.m2\repository\org\openjfx\javafx-base\17-ea+11\javafx-base-17-ea+11-win.jar -Djdk.module.main=mainproject.lab11gui mainproject.lab11gui/View.StartProgram

Host: Intel(R) Core(TM) i3-10110U CPU @ 2.10GHz, 4 cores, 3G,  Windows 10 , 64 bit Build 19041 (10.0.19041.1566)
Time: Sat Mar 19 17:11:38 2022 GTB Standard Time elapsed time: 0.021448 seconds (0d 0h 0m 0s)

---------------  T H R E A D  ---------------

Current thread (0x000001899359c750):  JavaThread "Unknown thread" [_thread_in_vm, id=8456, stack(0x0000003507f00000,0x0000003508000000)]

Stack: [0x0000003507f00000,0x0000003508000000]
Native frames: (J=compiled Java code, j=interpreted, Vv=VM code, C=native code)
V  [jvm.dll+0x66f8ea]
V  [jvm.dll+0x7ce224]
V  [jvm.dll+0x7cf9ce]
V  [jvm.dll+0x7d0033]
V  [jvm.dll+0x242bb5]
V  [jvm.dll+0x66c909]
V  [jvm.dll+0x6613d2]
V  [jvm.dll+0x30082b]
V  [jvm.dll+0x307db6]
V  [jvm.dll+0x357a0e]
V  [jvm.dll+0x357c3f]
V  [jvm.dll+0x2d7ae8]
V  [jvm.dll+0x2d8a54]
V  [jvm.dll+0x7a00a1]
V  [jvm.dll+0x365781]
V  [jvm.dll+0x77f59c]
V  [jvm.dll+0x3e805f]
V  [jvm.dll+0x3e9b01]
C  [jli.dll+0x527b]
C  [ucrtbase.dll+0x21bb2]
C  [KERNEL32.DLL+0x17034]
C  [ntdll.dll+0x52651]


---------------  P R O C E S S  ---------------

Threads class SMR info:
_java_thread_list=0x00007ff85fec7818, length=0, elements={
}

Java Threads: ( => current thread )

Other Threads:
  0x00000189935c8f40 GCTaskThread "GC Thread#0" [stack: 0x0000003508000000,0x0000003508100000] [id=19204]
  0x00000189935d3d30 ConcurrentGCThread "G1 Main Marker" [stack: 0x0000003508100000,0x0000003508200000] [id=18732]
  0x00000189935d4650 ConcurrentGCThread "G1 Conc#0" [stack: 0x0000003508200000,0x0000003508300000] [id=14128]

[error occurred during error reporting (printing all threads), id 0xc0000005, EXCEPTION_ACCESS_VIOLATION (0xc0000005) at pc=0x00007ff85f7184c7]

VM state: not at safepoint (not fully initialized)

VM Mutex/Monitor currently owned by a thread:  ([mutex/lock_event])
[0x00000189935965e0] Heap_lock - owner thread: 0x000001899359c750

Heap address: 0x00000000c2400000, size: 988 MB, Compressed Oops mode: 32-bit

CDS archive(s) mapped at: [0x0000000000000000-0x0000000000000000-0x0000000000000000), size 0, SharedBaseAddress: 0x0000000800000000, ArchiveRelocationMode: 0.
Narrow klass base: 0x0000000000000000, Narrow klass shift: 0, Narrow klass range: 0x0

GC Precious Log:
<Empty>

Heap:
 garbage-first heap   total 0K, used 0K [0x00000000c2400000, 0x0000000100000000)
  region size 1024K, 0 young (0K), 0 survivors (0K)

[error occurred during error reporting (printing heap information), id 0xc0000005, EXCEPTION_ACCESS_VIOLATION (0xc0000005) at pc=0x00007ff85faf8c59]

GC Heap History (0 events):
No events

Deoptimization events (0 events):
No events

Classes unloaded (0 events):
No events

Classes redefined (0 events):
No events

Internal exceptions (0 events):
No events

VM Operations (0 events):
No events

Events (1 events):
Event: 0.013 Loaded shared library C:\Users\famil\.jdks\openjdk-17\bin\java.dll


Dynamic libraries:
0x00007ff7af470000 - 0x00007ff7af47e000 	C:\Users\famil\.jdks\openjdk-17\bin\java.exe
0x00007ff8d2030000 - 0x00007ff8d2225000 	C:\WINDOWS\SYSTEM32\ntdll.dll
0x00007ff8d1070000 - 0x00007ff8d112e000 	C:\WINDOWS\System32\KERNEL32.DLL
0x00007ff8cfa50000 - 0x00007ff8cfd18000 	C:\WINDOWS\System32\KERNELBASE.dll
0x00007ff8cf750000 - 0x00007ff8cf850000 	C:\WINDOWS\System32\ucrtbase.dll
0x00007ff8a2f60000 - 0x00007ff8a2f78000 	C:\Users\famil\.jdks\openjdk-17\bin\jli.dll
0x00007ff8d1b20000 - 0x00007ff8d1cc0000 	C:\WINDOWS\System32\USER32.dll
0x00007ff8cfa20000 - 0x00007ff8cfa42000 	C:\WINDOWS\System32\win32u.dll
0x00007ff8d0f20000 - 0x00007ff8d0f4b000 	C:\WINDOWS\System32\GDI32.dll
0x00007ff8cff80000 - 0x00007ff8d008b000 	C:\WINDOWS\System32\gdi32full.dll
0x00007ff8cfee0000 - 0x00007ff8cff7d000 	C:\WINDOWS\System32\msvcp_win.dll
0x00007ff8a2f40000 - 0x00007ff8a2f5a000 	C:\Users\famil\.jdks\openjdk-17\bin\VCRUNTIME140.dll
0x00007ff8ba670000 - 0x00007ff8ba90a000 	C:\WINDOWS\WinSxS\amd64_microsoft.windows.common-controls_6595b64144ccf1df_6.0.19041.1110_none_60b5254171f9507e\COMCTL32.dll
0x00007ff8d0090000 - 0x00007ff8d012e000 	C:\WINDOWS\System32\msvcrt.dll
0x00007ff8d1230000 - 0x00007ff8d1260000 	C:\WINDOWS\System32\IMM32.DLL
0x00007ff8be410000 - 0x00007ff8be41c000 	C:\Users\famil\.jdks\openjdk-17\bin\vcruntime140_1.dll
0x00007ff88f4c0000 - 0x00007ff88f54d000 	C:\Users\famil\.jdks\openjdk-17\bin\msvcp140.dll
0x00007ff85f430000 - 0x00007ff85ffee000 	C:\Users\famil\.jdks\openjdk-17\bin\server\jvm.dll
0x00007ff8d1340000 - 0x00007ff8d13ee000 	C:\WINDOWS\System32\ADVAPI32.dll
0x00007ff8d13f0000 - 0x00007ff8d148c000 	C:\WINDOWS\System32\sechost.dll
0x00007ff8d19f0000 - 0x00007ff8d1b15000 	C:\WINDOWS\System32\RPCRT4.dll
0x00007ff8d1510000 - 0x00007ff8d1518000 	C:\WINDOWS\System32\PSAPI.DLL
0x00007ff8c7670000 - 0x00007ff8c7679000 	C:\WINDOWS\SYSTEM32\WSOCK32.dll
0x00007ff8d1d70000 - 0x00007ff8d1ddb000 	C:\WINDOWS\System32\WS2_32.dll
0x00007ff8abbf0000 - 0x00007ff8abc17000 	C:\WINDOWS\SYSTEM32\WINMM.dll
0x00007ff8c5380000 - 0x00007ff8c538a000 	C:\WINDOWS\SYSTEM32\VERSION.dll
0x00007ff8cd620000 - 0x00007ff8cd632000 	C:\WINDOWS\SYSTEM32\kernel.appcore.dll
0x00007ff8bd5e0000 - 0x00007ff8bd5ea000 	C:\Users\famil\.jdks\openjdk-17\bin\jimage.dll
0x00007ff8c7cb0000 - 0x00007ff8c7e94000 	C:\WINDOWS\SYSTEM32\DBGHELP.DLL
0x00007ff8b4ac0000 - 0x00007ff8b4aec000 	C:\WINDOWS\SYSTEM32\dbgcore.DLL
0x00007ff8cfda0000 - 0x00007ff8cfe22000 	C:\WINDOWS\System32\bcryptPrimitives.dll
0x00007ff8badf0000 - 0x00007ff8badfe000 	C:\Users\famil\.jdks\openjdk-17\bin\instrument.dll
0x00007ff89e1c0000 - 0x00007ff89e1e5000 	C:\Users\famil\.jdks\openjdk-17\bin\java.dll

dbghelp: loaded successfully - version: 4.0.5 - missing functions: none
symbol engine: initialized successfully - sym options: 0x614 - pdb path: .;C:\Users\famil\.jdks\openjdk-17\bin;C:\WINDOWS\SYSTEM32;C:\WINDOWS\WinSxS\amd64_microsoft.windows.common-controls_6595b64144ccf1df_6.0.19041.1110_none_60b5254171f9507e;C:\Users\famil\.jdks\openjdk-17\bin\server

VM Arguments:
jvm_args: -javaagent:C:\Program Files\JetBrains\IntelliJ IDEA 2021.2.2\lib\idea_rt.jar=65524:C:\Program Files\JetBrains\IntelliJ IDEA 2021.2.2\bin -Dfile.encoding=UTF-8 --module-path=C:\Users\famil\IdeaProjects\Exam\target\classes;C:\Users\famil\.m2\repository\org\openjfx\javafx-controls\17-ea+11\javafx-controls-17-ea+11-win.jar;C:\Users\famil\.m2\repository\org\openjfx\javafx-fxml\17-ea+11\javafx-fxml-17-ea+11-win.jar;C:\Users\famil\.m2\repository\org\openjfx\javafx-graphics\17-ea+11\javafx-graphics-17-ea+11-win.jar;C:\Users\famil\.m2\repository\org\openjfx\javafx-base\17-ea+11\javafx-base-17-ea+11-win.jar -Djdk.module.main=mainproject.lab11gui 
java_command: mainproject.lab11gui/View.StartProgram
java_class_path (initial): C:\Users\famil\.m2\repository\org\openjfx\javafx-controls\17-ea+11\javafx-controls-17-ea+11.jar;C:\Users\famil\.m2\repository\org\openjfx\javafx-graphics\17-ea+11\javafx-graphics-17-ea+11.jar;C:\Users\famil\.m2\repository\org\openjfx\javafx-base\17-ea+11\javafx-base-17-ea+11.jar;C:\Users\famil\.m2\repository\org\openjfx\javafx-fxml\17-ea+11\javafx-fxml-17-ea+11.jar
Launcher Type: SUN_STANDARD

[Global flags]
     intx CICompilerCount                          = 3                                         {product} {ergonomic}
     uint ConcGCThreads                            = 1                                         {product} {ergonomic}
     uint G1ConcRefinementThreads                  = 4                                         {product} {ergonomic}
   size_t G1HeapRegionSize                         = 1048576                                   {product} {ergonomic}
    uintx GCDrainStackTargetSize                   = 64                                        {product} {ergonomic}
   size_t InitialHeapSize                          = 65011712                                  {product} {ergonomic}
   size_t MarkStackSize                            = 4194304                                   {product} {ergonomic}
   size_t MaxHeapSize                              = 1035993088                                {product} {ergonomic}
   size_t MinHeapDeltaBytes                        = 1048576                                   {product} {ergonomic}
   size_t MinHeapSize                              = 8388608                                   {product} {ergonomic}
    uintx NonNMethodCodeHeapSize                   = 5832780                                {pd product} {ergonomic}
    uintx NonProfiledCodeHeapSize                  = 122912730                              {pd product} {ergonomic}
    uintx ProfiledCodeHeapSize                     = 122912730                              {pd product} {ergonomic}
    uintx ReservedCodeCacheSize                    = 251658240                              {pd product} {ergonomic}
     bool SegmentedCodeCache                       = true                                      {product} {ergonomic}
   size_t SoftMaxHeapSize                          = 1035993088                             {manageable} {ergonomic}
     bool UseCompressedClassPointers               = true                           {product lp64_product} {ergonomic}
     bool UseCompressedOops                        = true                           {product lp64_product} {ergonomic}
     bool UseG1GC                                  = true                                      {product} {ergonomic}
     bool UseLargePagesIndividualAllocation        = false                                  {pd product} {ergonomic}

Logging:
Log output configuration:
 #0: stdout all=warning uptime,level,tags
 #1: stderr all=off uptime,level,tags

Environment Variables:
PATH=C:\WINDOWS\system32;C:\WINDOWS;C:\WINDOWS\System32\Wbem;C:\WINDOWS\System32\WindowsPowerShell\v1.0\;C:\WINDOWS\System32\OpenSSH\;C:\Program Files\PuTTY\;C:\Program Files\dotnet\;C:\Program Files\Microsoft SQL Server\Client SDK\ODBC\170\Tools\Binn\;C:\Program Files (x86)\Microsoft SQL Server\150\Tools\Binn\;C:\Program Files\Microsoft SQL Server\150\Tools\Binn\;C:\Program Files\Microsoft SQL Server\150\DTS\Binn\;C:\Program Files\Azure Data Studio\bin;C:\Program Files (x86)\Microsoft SQL Server\150\DTS\Binn\;C:\Program Files (x86)\dotnet\;C:\Users\famil\AppData\Local\Microsoft\WindowsApps;C:\Users\famil\AppData\Local\GitHubDesktop\bin;C:\Program Files\JetBrains\CLion 2020.3.2\bin;;C:\Users\famil\.dotnet\tools;C:\Program Files\Azure Data Studio\bin
USERNAME=famil
OS=Windows_NT
PROCESSOR_IDENTIFIER=Intel64 Family 6 Model 142 Stepping 12, GenuineIntel



---------------  S Y S T E M  ---------------

OS:
 Windows 10 , 64 bit Build 19041 (10.0.19041.1566)
OS uptime: 7 days 22:22 hours
Hyper-V role detected

CPU: total 4 (initial active 4) (2 cores per cpu, 2 threads per core) family 6 model 142 stepping 12 microcode 0xca, cx8, cmov, fxsr, ht, mmx, 3dnowpref, sse, sse2, sse3, ssse3, sse4.1, sse4.2, popcnt, lzcnt, tsc, tscinvbit, avx, avx2, aes, erms, clmul, bmi1, bmi2, adx, fma, vzeroupper, clflush, clflushopt, hv

Memory: 4k page, system-wide physical 3948M (361M free)
TotalPageFile size 16236M (AvailPageFile size 23M)
current process WorkingSet (physical memory assigned to process): 9M, peak: 9M
current process commit charge ("private bytes"): 51M, peak: 113M

vm_info: OpenJDK 64-Bit Server VM (17+35-2724) for windows-amd64 JRE (17+35-2724), built on Aug  5 2021 23:26:02 by "mach5one" with MS VC++ 16.8 (VS2019)

END.
